0 info it worked if it ends with ok
1 verbose cli [ 'C:\\Program Files\\nodejs\\node.exe',
1 verbose cli   'C:\\Program Files\\nodejs\\node_modules\\npm\\bin\\npm-cli.js',
1 verbose cli   'install' ]
2 info using npm@3.10.9
3 info using node@v4.5.0
4 silly loadCurrentTree Starting
5 silly install loadCurrentTree
6 silly install readLocalPackageData
7 silly install normalizeTree
8 silly loadCurrentTree Finishing
9 silly loadIdealTree Starting
10 silly install loadIdealTree
11 silly cloneCurrentTree Starting
12 silly install cloneCurrentTreeToIdealTree
13 silly cloneCurrentTree Finishing
14 silly loadShrinkwrap Starting
15 silly install loadShrinkwrap
16 silly loadShrinkwrap Finishing
17 silly loadAllDepsIntoIdealTree Starting
18 silly install loadAllDepsIntoIdealTree
19 silly fetchNamedPackageData sleep
20 silly mapToRegistry name sleep
21 silly mapToRegistry using default registry
22 silly mapToRegistry registry http://npm.artifacts.ttldev/
23 silly mapToRegistry data Result {
23 silly mapToRegistry   raw: 'sleep',
23 silly mapToRegistry   scope: null,
23 silly mapToRegistry   escapedName: 'sleep',
23 silly mapToRegistry   name: 'sleep',
23 silly mapToRegistry   rawSpec: '',
23 silly mapToRegistry   spec: 'latest',
23 silly mapToRegistry   type: 'tag' }
24 silly mapToRegistry uri http://npm.artifacts.ttldev/sleep
25 verbose request uri http://npm.artifacts.ttldev/sleep
26 verbose request no auth needed
27 info attempt registry request try #1 at 5:42:08 PM
28 verbose request id 4ec1fc7081285889
29 http request GET http://npm.artifacts.ttldev/sleep
30 http 200 http://npm.artifacts.ttldev/sleep
31 verbose headers { server: 'nginx/1.10.2',
31 verbose headers   date: 'Wed, 17 May 2017 16:43:24 GMT',
31 verbose headers   'content-type': 'application/json',
31 verbose headers   'transfer-encoding': 'chunked',
31 verbose headers   connection: 'keep-alive',
31 verbose headers   'x-artifactory-id': '595f1df3c611c48d:5cacfd3c:159d1568420:-8000',
31 verbose headers   'content-encoding': 'gzip' }
32 silly get cb [ 200,
32 silly get   { server: 'nginx/1.10.2',
32 silly get     date: 'Wed, 17 May 2017 16:43:24 GMT',
32 silly get     'content-type': 'application/json',
32 silly get     'transfer-encoding': 'chunked',
32 silly get     connection: 'keep-alive',
32 silly get     'x-artifactory-id': '595f1df3c611c48d:5cacfd3c:159d1568420:-8000',
32 silly get     'content-encoding': 'gzip' } ]
33 verbose get saving sleep to C:\Users\felixn\AppData\Roaming\npm-cache\npm.artifacts.ttldev\sleep\.cache.json
34 verbose correctMkdir C:\Users\felixn\AppData\Roaming\npm-cache correctMkdir not in flight; initializing
35 silly resolveWithNewModule sleep@5.1.1 checking installable status
36 silly cache add args [ 'sleep@^5.1.1', null ]
37 verbose cache add spec sleep@^5.1.1
38 silly cache add parsed spec Result {
38 silly cache add   raw: 'sleep@^5.1.1',
38 silly cache add   scope: null,
38 silly cache add   escapedName: 'sleep',
38 silly cache add   name: 'sleep',
38 silly cache add   rawSpec: '^5.1.1',
38 silly cache add   spec: '>=5.1.1 <6.0.0',
38 silly cache add   type: 'range' }
39 silly addNamed sleep@>=5.1.1 <6.0.0
40 verbose addNamed ">=5.1.1 <6.0.0" is a valid semver range for sleep
41 silly addNameRange { name: 'sleep', range: '>=5.1.1 <6.0.0', hasData: false }
42 silly mapToRegistry name sleep
43 silly mapToRegistry using default registry
44 silly mapToRegistry registry http://npm.artifacts.ttldev/
45 silly mapToRegistry data Result {
45 silly mapToRegistry   raw: 'sleep',
45 silly mapToRegistry   scope: null,
45 silly mapToRegistry   escapedName: 'sleep',
45 silly mapToRegistry   name: 'sleep',
45 silly mapToRegistry   rawSpec: '',
45 silly mapToRegistry   spec: 'latest',
45 silly mapToRegistry   type: 'tag' }
46 silly mapToRegistry uri http://npm.artifacts.ttldev/sleep
47 verbose addNameRange registry:http://npm.artifacts.ttldev/sleep not in flight; fetching
48 verbose get http://npm.artifacts.ttldev/sleep not expired, no request
49 silly addNameRange number 2 { name: 'sleep', range: '>=5.1.1 <6.0.0', hasData: true }
50 silly addNameRange versions [ 'sleep',
50 silly addNameRange   [ '2.0.0',
50 silly addNameRange     '4.0.0',
50 silly addNameRange     '1.1.2',
50 silly addNameRange     '1.1.3',
50 silly addNameRange     '1.1.4',
50 silly addNameRange     '1.1.5',
50 silly addNameRange     '3.0.0',
50 silly addNameRange     '1.1.6',
50 silly addNameRange     '1.1.7',
50 silly addNameRange     '1.1.8',
50 silly addNameRange     '5.0.0',
50 silly addNameRange     '5.1.0',
50 silly addNameRange     '5.1.1',
50 silly addNameRange     '3.0.1',
50 silly addNameRange     '1.0.0',
50 silly addNameRange     '1.0.1',
50 silly addNameRange     '1.1.0',
50 silly addNameRange     '1.0.2',
50 silly addNameRange     '1.1.1',
50 silly addNameRange     '1.2.0' ] ]
51 silly addNamed sleep@5.1.1
52 verbose addNamed "5.1.1" is a plain semver version for sleep
53 silly cache afterAdd sleep@5.1.1
54 verbose afterAdd C:\Users\felixn\AppData\Roaming\npm-cache\sleep\5.1.1\package\package.json not in flight; writing
55 verbose correctMkdir C:\Users\felixn\AppData\Roaming\npm-cache correctMkdir not in flight; initializing
56 verbose afterAdd C:\Users\felixn\AppData\Roaming\npm-cache\sleep\5.1.1\package\package.json written
57 silly fetchNamedPackageData nan
58 silly mapToRegistry name nan
59 silly mapToRegistry using default registry
60 silly mapToRegistry registry http://npm.artifacts.ttldev/
61 silly mapToRegistry data Result {
61 silly mapToRegistry   raw: 'nan',
61 silly mapToRegistry   scope: null,
61 silly mapToRegistry   escapedName: 'nan',
61 silly mapToRegistry   name: 'nan',
61 silly mapToRegistry   rawSpec: '',
61 silly mapToRegistry   spec: 'latest',
61 silly mapToRegistry   type: 'tag' }
62 silly mapToRegistry uri http://npm.artifacts.ttldev/nan
63 verbose request uri http://npm.artifacts.ttldev/nan
64 verbose request no auth needed
65 info attempt registry request try #1 at 5:42:08 PM
66 http request GET http://npm.artifacts.ttldev/nan
67 http 200 http://npm.artifacts.ttldev/nan
68 verbose headers { server: 'nginx/1.10.2',
68 verbose headers   date: 'Wed, 17 May 2017 16:43:25 GMT',
68 verbose headers   'content-type': 'application/json',
68 verbose headers   'transfer-encoding': 'chunked',
68 verbose headers   connection: 'keep-alive',
68 verbose headers   'x-artifactory-id': '595f1df3c611c48d:5cacfd3c:159d1568420:-8000',
68 verbose headers   'content-encoding': 'gzip' }
69 silly get cb [ 200,
69 silly get   { server: 'nginx/1.10.2',
69 silly get     date: 'Wed, 17 May 2017 16:43:25 GMT',
69 silly get     'content-type': 'application/json',
69 silly get     'transfer-encoding': 'chunked',
69 silly get     connection: 'keep-alive',
69 silly get     'x-artifactory-id': '595f1df3c611c48d:5cacfd3c:159d1568420:-8000',
69 silly get     'content-encoding': 'gzip' } ]
70 verbose get saving nan to C:\Users\felixn\AppData\Roaming\npm-cache\npm.artifacts.ttldev\nan\.cache.json
71 verbose correctMkdir C:\Users\felixn\AppData\Roaming\npm-cache correctMkdir not in flight; initializing
72 silly resolveWithNewModule nan@2.6.2 checking installable status
73 silly cache add args [ 'nan@>=2.5.1', null ]
74 verbose cache add spec nan@>=2.5.1
75 silly cache add parsed spec Result {
75 silly cache add   raw: 'nan@>=2.5.1',
75 silly cache add   scope: null,
75 silly cache add   escapedName: 'nan',
75 silly cache add   name: 'nan',
75 silly cache add   rawSpec: '>=2.5.1',
75 silly cache add   spec: '>=2.5.1',
75 silly cache add   type: 'range' }
76 silly addNamed nan@>=2.5.1
77 verbose addNamed ">=2.5.1" is a valid semver range for nan
78 silly addNameRange { name: 'nan', range: '>=2.5.1', hasData: false }
79 silly mapToRegistry name nan
80 silly mapToRegistry using default registry
81 silly mapToRegistry registry http://npm.artifacts.ttldev/
82 silly mapToRegistry data Result {
82 silly mapToRegistry   raw: 'nan',
82 silly mapToRegistry   scope: null,
82 silly mapToRegistry   escapedName: 'nan',
82 silly mapToRegistry   name: 'nan',
82 silly mapToRegistry   rawSpec: '',
82 silly mapToRegistry   spec: 'latest',
82 silly mapToRegistry   type: 'tag' }
83 silly mapToRegistry uri http://npm.artifacts.ttldev/nan
84 verbose addNameRange registry:http://npm.artifacts.ttldev/nan not in flight; fetching
85 verbose get http://npm.artifacts.ttldev/nan not expired, no request
86 silly addNameRange number 2 { name: 'nan', range: '>=2.5.1', hasData: true }
87 silly addNameRange versions [ 'nan',
87 silly addNameRange   [ '0.4.2',
87 silly addNameRange     '0.6.0',
87 silly addNameRange     '0.4.3',
87 silly addNameRange     '0.4.0',
87 silly addNameRange     '0.4.1',
87 silly addNameRange     '0.4.4',
87 silly addNameRange     '0.8.0',
87 silly addNameRange     '1.8.3',
87 silly addNameRange     '1.8.4',
87 silly addNameRange     '2.1.0',
87 silly addNameRange     '2.3.5',
87 silly addNameRange     '2.3.3',
87 silly addNameRange     '2.5.1',
87 silly addNameRange     '2.3.4',
87 silly addNameRange     '2.3.1',
87 silly addNameRange     '2.3.2',
87 silly addNameRange     '2.5.0',
87 silly addNameRange     '2.3.0',
87 silly addNameRange     '1.1.2',
87 silly addNameRange     '1.3.0',
87 silly addNameRange     '1.5.0',
87 silly addNameRange     '1.5.1',
87 silly addNameRange     '1.5.2',
87 silly addNameRange     '1.7.0',
87 silly addNameRange     '1.5.3',
87 silly addNameRange     '1.9.0',
87 silly addNameRange     '1.1.0',
87 silly addNameRange     '1.1.1',
87 silly addNameRange     '0.5.1',
87 silly addNameRange     '0.5.2',
87 silly addNameRange     '0.7.0',
87 silly addNameRange     '0.3.1',
87 silly addNameRange     '0.3.2',
87 silly addNameRange     '0.5.0',
87 silly addNameRange     '0.7.1',
87 silly addNameRange     '0.3.0-wip2',
87 silly addNameRange     '0.3.0',
87 silly addNameRange     '2.0.0',
87 silly addNameRange     '2.0.1',
87 silly addNameRange     '2.0.8',
87 silly addNameRange     '2.6.2',
87 silly addNameRange     '2.0.9',
87 silly addNameRange     '0.3.0-wip',
87 silly addNameRange     '2.0.6',
87 silly addNameRange     '2.6.0',
87 silly addNameRange     '2.0.7',
87 silly addNameRange     '2.6.1',
87 silly addNameRange     '2.0.4',
87 silly addNameRange     '2.4.0',
87 silly addNameRange     '2.0.5',
87 silly addNameRange     '2.0.2',
87 silly addNameRange     '2.2.0',
87 silly addNameRange     '2.0.3',
87 silly addNameRange     '2.2.1',
87 silly addNameRange     '1.4.0',
87 silly addNameRange     '1.4.1',
87 silly addNameRange     '1.4.2',
87 silly addNameRange     '1.6.0',
87 silly addNameRange     '1.4.3',
87 silly addNameRange     '1.6.1',
87 silly addNameRange     '1.6.2',
87 silly addNameRange     '1.8.0',
87 silly addNameRange     '1.8.1',
87 silly addNameRange     '1.8.2',
87 silly addNameRange     '1.0.0',
87 silly addNameRange     '1.2.0' ] ]
88 silly addNamed nan@2.6.2
89 verbose addNamed "2.6.2" is a plain semver version for nan
90 silly cache afterAdd nan@2.6.2
91 verbose afterAdd C:\Users\felixn\AppData\Roaming\npm-cache\nan\2.6.2\package\package.json not in flight; writing
92 verbose correctMkdir C:\Users\felixn\AppData\Roaming\npm-cache correctMkdir not in flight; initializing
93 verbose afterAdd C:\Users\felixn\AppData\Roaming\npm-cache\nan\2.6.2\package\package.json written
94 silly loadAllDepsIntoIdealTree Finishing
95 silly loadIdealTree Finishing
96 silly currentTree bot@1.0.0
96 silly currentTree +-- accepts@1.3.3
96 silly currentTree +-- ajv@4.11.8
96 silly currentTree +-- array-flatten@1.1.1
96 silly currentTree +-- asn1@0.2.3
96 silly currentTree +-- assert-plus@0.2.0
96 silly currentTree +-- asynckit@0.4.0
96 silly currentTree +-- aws-sign2@0.6.0
96 silly currentTree +-- aws4@1.6.0
96 silly currentTree +-- bcrypt-pbkdf@1.0.1
96 silly currentTree +-- bluebird@3.5.0
96 silly currentTree +-- boom@2.10.1
96 silly currentTree +-- caseless@0.12.0
96 silly currentTree +-- co@4.6.0
96 silly currentTree +-- combined-stream@1.0.5
96 silly currentTree +-- content-disposition@0.5.2
96 silly currentTree +-- content-type@1.0.2
96 silly currentTree +-- cookie-signature@1.0.6
96 silly currentTree +-- cookie@0.3.1
96 silly currentTree +-- cron@1.2.1
96 silly currentTree +-- cryptiles@2.0.5
96 silly currentTree +-- dashdash@1.14.1
96 silly currentTree | `-- assert-plus@1.0.0
96 silly currentTree +-- debug@2.6.7
96 silly currentTree +-- delayed-stream@1.0.0
96 silly currentTree +-- depd@1.1.0
96 silly currentTree +-- destroy@1.0.4
96 silly currentTree +-- double-ended-queue@2.1.0-0
96 silly currentTree +-- ecc-jsbn@0.1.1
96 silly currentTree +-- ee-first@1.1.1
96 silly currentTree +-- encodeurl@1.0.1
96 silly currentTree +-- escape-html@1.0.3
96 silly currentTree +-- etag@1.8.0
96 silly currentTree +-- express@4.15.3
96 silly currentTree +-- extend@3.0.1
96 silly currentTree +-- extsprintf@1.0.2
96 silly currentTree +-- finalhandler@1.0.3
96 silly currentTree +-- forever-agent@0.6.1
96 silly currentTree +-- form-data@2.1.4
96 silly currentTree +-- forwarded@0.1.0
96 silly currentTree +-- fresh@0.5.0
96 silly currentTree +-- getpass@0.1.7
96 silly currentTree | `-- assert-plus@1.0.0
96 silly currentTree +-- har-schema@1.0.5
96 silly currentTree +-- har-validator@4.2.1
96 silly currentTree +-- hawk@3.1.3
96 silly currentTree +-- hoek@2.16.3
96 silly currentTree +-- http-errors@1.6.1
96 silly currentTree +-- http-signature@1.1.1
96 silly currentTree +-- inherits@2.0.3
96 silly currentTree +-- ipaddr.js@1.3.0
96 silly currentTree +-- is-typedarray@1.0.0
96 silly currentTree +-- isstream@0.1.2
96 silly currentTree +-- jodid25519@1.0.2
96 silly currentTree +-- jsbn@0.1.1
96 silly currentTree +-- json-schema@0.2.3
96 silly currentTree +-- json-stable-stringify@1.0.1
96 silly currentTree +-- json-stringify-safe@5.0.1
96 silly currentTree +-- jsonify@0.0.0
96 silly currentTree +-- jsprim@1.4.0
96 silly currentTree | `-- assert-plus@1.0.0
96 silly currentTree +-- media-typer@0.3.0
96 silly currentTree +-- merge-descriptors@1.0.1
96 silly currentTree +-- methods@1.1.2
96 silly currentTree +-- mime-db@1.27.0
96 silly currentTree +-- mime-types@2.1.15
96 silly currentTree +-- mime@1.3.4
96 silly currentTree +-- moment-timezone@0.5.13
96 silly currentTree +-- moment@2.18.1
96 silly currentTree +-- ms@2.0.0
96 silly currentTree +-- negotiator@0.6.1
96 silly currentTree +-- newrelic@1.39.1
96 silly currentTree | +-- concat-stream@1.6.0
96 silly currentTree | | +-- inherits@2.0.3
96 silly currentTree | | +-- readable-stream@2.2.9
96 silly currentTree | | | +-- buffer-shims@1.0.0
96 silly currentTree | | | +-- core-util-is@1.0.2
96 silly currentTree | | | +-- isarray@1.0.0
96 silly currentTree | | | +-- process-nextick-args@1.0.7
96 silly currentTree | | | +-- string_decoder@1.0.0
96 silly currentTree | | | `-- util-deprecate@1.0.2
96 silly currentTree | | `-- typedarray@0.0.6
96 silly currentTree | +-- https-proxy-agent@0.3.6
96 silly currentTree | | +-- agent-base@1.0.2
96 silly currentTree | | +-- debug@2.6.6
96 silly currentTree | | | `-- ms@0.7.3
96 silly currentTree | | `-- extend@3.0.1
96 silly currentTree | +-- json-stringify-safe@5.0.1
96 silly currentTree | +-- readable-stream@1.1.14
96 silly currentTree | | +-- core-util-is@1.0.2
96 silly currentTree | | +-- inherits@2.0.3
96 silly currentTree | | +-- isarray@0.0.1
96 silly currentTree | | `-- string_decoder@0.10.31
96 silly currentTree | `-- semver@5.3.0
96 silly currentTree +-- oauth-sign@0.8.2
96 silly currentTree +-- on-finished@2.3.0
96 silly currentTree +-- parseurl@1.3.1
96 silly currentTree +-- path-to-regexp@0.1.7
96 silly currentTree +-- performance-now@0.2.0
96 silly currentTree +-- proxy-addr@1.1.4
96 silly currentTree +-- punycode@1.4.1
96 silly currentTree +-- qs@6.4.0
96 silly currentTree +-- range-parser@1.2.0
96 silly currentTree +-- redis-commands@1.3.1
96 silly currentTree +-- redis-parser@2.6.0
96 silly currentTree +-- redis@2.7.1
96 silly currentTree +-- request@2.81.0
96 silly currentTree +-- safe-buffer@5.0.1
96 silly currentTree +-- send@0.15.3
96 silly currentTree +-- serve-static@1.12.3
96 silly currentTree +-- setprototypeof@1.0.3
96 silly currentTree +-- sntp@1.0.9
96 silly currentTree +-- sshpk@1.13.0
96 silly currentTree | `-- assert-plus@1.0.0
96 silly currentTree +-- statuses@1.3.1
96 silly currentTree +-- stringstream@0.0.5
96 silly currentTree +-- tough-cookie@2.3.2
96 silly currentTree +-- tunnel-agent@0.6.0
96 silly currentTree +-- tweetnacl@0.14.5
96 silly currentTree +-- twit@2.2.5
96 silly currentTree +-- type-is@1.6.15
96 silly currentTree +-- unpipe@1.0.0
96 silly currentTree +-- utils-merge@1.0.0
96 silly currentTree +-- uuid@3.0.1
96 silly currentTree +-- vary@1.1.1
96 silly currentTree `-- verror@1.3.6
97 silly idealTree bot@1.0.0
97 silly idealTree +-- accepts@1.3.3
97 silly idealTree +-- ajv@4.11.8
97 silly idealTree +-- array-flatten@1.1.1
97 silly idealTree +-- asn1@0.2.3
97 silly idealTree +-- assert-plus@0.2.0
97 silly idealTree +-- asynckit@0.4.0
97 silly idealTree +-- aws-sign2@0.6.0
97 silly idealTree +-- aws4@1.6.0
97 silly idealTree +-- bcrypt-pbkdf@1.0.1
97 silly idealTree +-- bluebird@3.5.0
97 silly idealTree +-- boom@2.10.1
97 silly idealTree +-- caseless@0.12.0
97 silly idealTree +-- co@4.6.0
97 silly idealTree +-- combined-stream@1.0.5
97 silly idealTree +-- content-disposition@0.5.2
97 silly idealTree +-- content-type@1.0.2
97 silly idealTree +-- cookie-signature@1.0.6
97 silly idealTree +-- cookie@0.3.1
97 silly idealTree +-- cron@1.2.1
97 silly idealTree +-- cryptiles@2.0.5
97 silly idealTree +-- dashdash@1.14.1
97 silly idealTree | `-- assert-plus@1.0.0
97 silly idealTree +-- debug@2.6.7
97 silly idealTree +-- delayed-stream@1.0.0
97 silly idealTree +-- depd@1.1.0
97 silly idealTree +-- destroy@1.0.4
97 silly idealTree +-- double-ended-queue@2.1.0-0
97 silly idealTree +-- ecc-jsbn@0.1.1
97 silly idealTree +-- ee-first@1.1.1
97 silly idealTree +-- encodeurl@1.0.1
97 silly idealTree +-- escape-html@1.0.3
97 silly idealTree +-- etag@1.8.0
97 silly idealTree +-- express@4.15.3
97 silly idealTree +-- extend@3.0.1
97 silly idealTree +-- extsprintf@1.0.2
97 silly idealTree +-- finalhandler@1.0.3
97 silly idealTree +-- forever-agent@0.6.1
97 silly idealTree +-- form-data@2.1.4
97 silly idealTree +-- forwarded@0.1.0
97 silly idealTree +-- fresh@0.5.0
97 silly idealTree +-- getpass@0.1.7
97 silly idealTree | `-- assert-plus@1.0.0
97 silly idealTree +-- har-schema@1.0.5
97 silly idealTree +-- har-validator@4.2.1
97 silly idealTree +-- hawk@3.1.3
97 silly idealTree +-- hoek@2.16.3
97 silly idealTree +-- http-errors@1.6.1
97 silly idealTree +-- http-signature@1.1.1
97 silly idealTree +-- inherits@2.0.3
97 silly idealTree +-- ipaddr.js@1.3.0
97 silly idealTree +-- is-typedarray@1.0.0
97 silly idealTree +-- isstream@0.1.2
97 silly idealTree +-- jodid25519@1.0.2
97 silly idealTree +-- jsbn@0.1.1
97 silly idealTree +-- json-schema@0.2.3
97 silly idealTree +-- json-stable-stringify@1.0.1
97 silly idealTree +-- json-stringify-safe@5.0.1
97 silly idealTree +-- jsonify@0.0.0
97 silly idealTree +-- jsprim@1.4.0
97 silly idealTree | `-- assert-plus@1.0.0
97 silly idealTree +-- media-typer@0.3.0
97 silly idealTree +-- merge-descriptors@1.0.1
97 silly idealTree +-- methods@1.1.2
97 silly idealTree +-- mime-db@1.27.0
97 silly idealTree +-- mime-types@2.1.15
97 silly idealTree +-- mime@1.3.4
97 silly idealTree +-- moment-timezone@0.5.13
97 silly idealTree +-- moment@2.18.1
97 silly idealTree +-- ms@2.0.0
97 silly idealTree +-- nan@2.6.2
97 silly idealTree +-- negotiator@0.6.1
97 silly idealTree +-- newrelic@1.39.1
97 silly idealTree | +-- concat-stream@1.6.0
97 silly idealTree | | +-- inherits@2.0.3
97 silly idealTree | | +-- readable-stream@2.2.9
97 silly idealTree | | | +-- buffer-shims@1.0.0
97 silly idealTree | | | +-- core-util-is@1.0.2
97 silly idealTree | | | +-- isarray@1.0.0
97 silly idealTree | | | +-- process-nextick-args@1.0.7
97 silly idealTree | | | +-- string_decoder@1.0.0
97 silly idealTree | | | `-- util-deprecate@1.0.2
97 silly idealTree | | `-- typedarray@0.0.6
97 silly idealTree | +-- https-proxy-agent@0.3.6
97 silly idealTree | | +-- agent-base@1.0.2
97 silly idealTree | | +-- debug@2.6.6
97 silly idealTree | | | `-- ms@0.7.3
97 silly idealTree | | `-- extend@3.0.1
97 silly idealTree | +-- json-stringify-safe@5.0.1
97 silly idealTree | +-- readable-stream@1.1.14
97 silly idealTree | | +-- core-util-is@1.0.2
97 silly idealTree | | +-- inherits@2.0.3
97 silly idealTree | | +-- isarray@0.0.1
97 silly idealTree | | `-- string_decoder@0.10.31
97 silly idealTree | `-- semver@5.3.0
97 silly idealTree +-- oauth-sign@0.8.2
97 silly idealTree +-- on-finished@2.3.0
97 silly idealTree +-- parseurl@1.3.1
97 silly idealTree +-- path-to-regexp@0.1.7
97 silly idealTree +-- performance-now@0.2.0
97 silly idealTree +-- proxy-addr@1.1.4
97 silly idealTree +-- punycode@1.4.1
97 silly idealTree +-- qs@6.4.0
97 silly idealTree +-- range-parser@1.2.0
97 silly idealTree +-- redis-commands@1.3.1
97 silly idealTree +-- redis-parser@2.6.0
97 silly idealTree +-- redis@2.7.1
97 silly idealTree +-- request@2.81.0
97 silly idealTree +-- safe-buffer@5.0.1
97 silly idealTree +-- send@0.15.3
97 silly idealTree +-- serve-static@1.12.3
97 silly idealTree +-- setprototypeof@1.0.3
97 silly idealTree +-- sleep@5.1.1
97 silly idealTree +-- sntp@1.0.9
97 silly idealTree +-- sshpk@1.13.0
97 silly idealTree | `-- assert-plus@1.0.0
97 silly idealTree +-- statuses@1.3.1
97 silly idealTree +-- stringstream@0.0.5
97 silly idealTree +-- tough-cookie@2.3.2
97 silly idealTree +-- tunnel-agent@0.6.0
97 silly idealTree +-- tweetnacl@0.14.5
97 silly idealTree +-- twit@2.2.5
97 silly idealTree +-- type-is@1.6.15
97 silly idealTree +-- unpipe@1.0.0
97 silly idealTree +-- utils-merge@1.0.0
97 silly idealTree +-- uuid@3.0.1
97 silly idealTree +-- vary@1.1.1
97 silly idealTree `-- verror@1.3.6
98 silly generateActionsToTake Starting
99 silly install generateActionsToTake
100 silly generateActionsToTake Finishing
101 silly diffTrees action count 2
102 silly diffTrees add nan@2.6.2
103 silly diffTrees add sleep@5.1.1
104 silly decomposeActions action count 16
105 silly decomposeActions fetch nan@2.6.2
106 silly decomposeActions extract nan@2.6.2
107 silly decomposeActions test nan@2.6.2
108 silly decomposeActions preinstall nan@2.6.2
109 silly decomposeActions build nan@2.6.2
110 silly decomposeActions install nan@2.6.2
111 silly decomposeActions postinstall nan@2.6.2
112 silly decomposeActions finalize nan@2.6.2
113 silly decomposeActions fetch sleep@5.1.1
114 silly decomposeActions extract sleep@5.1.1
115 silly decomposeActions test sleep@5.1.1
116 silly decomposeActions preinstall sleep@5.1.1
117 silly decomposeActions build sleep@5.1.1
118 silly decomposeActions install sleep@5.1.1
119 silly decomposeActions postinstall sleep@5.1.1
120 silly decomposeActions finalize sleep@5.1.1
121 silly runTopLevelLifecycles Starting
122 silly install runPreinstallTopLevelLifecycles
123 silly preinstall bot@1.0.0 C:\Felix\west-end-league\bot-b7f4c2e8
124 info lifecycle bot@1.0.0~preinstall: bot@1.0.0
125 silly lifecycle bot@1.0.0~preinstall: no script for preinstall, continuing
126 silly executeActions Starting
127 silly install executeActions
128 silly doSerial global-install 0
129 silly doParallel fetch 2
130 verbose correctMkdir C:\Users\felixn\AppData\Roaming\npm-cache\_locks correctMkdir not in flight; initializing
131 verbose lock using C:\Users\felixn\AppData\Roaming\npm-cache\_locks\staging-67bd77bf67e46da8.lock for C:\Felix\west-end-league\node_modules\.staging
132 silly doParallel extract 2
133 silly extract nan@2.6.2
134 silly extract sleep@5.1.1
135 verbose unbuild node_modules\.staging\nan-eb2c6778
136 verbose unbuild node_modules\.staging\sleep-32c41521
137 silly gentlyRm C:\Felix\west-end-league\node_modules\.staging\nan-eb2c6778 is being purged from base C:\Felix\west-end-league
138 verbose gentlyRm don't care about contents; nuking C:\Felix\west-end-league\node_modules\.staging\nan-eb2c6778
139 silly gentlyRm C:\Felix\west-end-league\node_modules\.staging\sleep-32c41521 is being purged from base C:\Felix\west-end-league
140 verbose gentlyRm don't care about contents; nuking C:\Felix\west-end-league\node_modules\.staging\sleep-32c41521
141 verbose tar unpack C:\Users\felixn\AppData\Roaming\npm-cache\nan\2.6.2\package.tgz
142 verbose tar unpacking to C:\Felix\west-end-league\node_modules\.staging\nan-eb2c6778
143 silly gentlyRm C:\Felix\west-end-league\node_modules\.staging\nan-eb2c6778 is being purged
144 verbose gentlyRm don't care about contents; nuking C:\Felix\west-end-league\node_modules\.staging\nan-eb2c6778
145 verbose tar unpack C:\Users\felixn\AppData\Roaming\npm-cache\sleep\5.1.1\package.tgz
146 verbose tar unpacking to C:\Felix\west-end-league\node_modules\.staging\sleep-32c41521
147 silly gentlyRm C:\Felix\west-end-league\node_modules\.staging\sleep-32c41521 is being purged
148 verbose gentlyRm don't care about contents; nuking C:\Felix\west-end-league\node_modules\.staging\sleep-32c41521
149 silly gunzTarPerm modes [ '777', '666' ]
150 silly gunzTarPerm modes [ '777', '666' ]
151 silly gunzTarPerm extractEntry package.json
152 silly gunzTarPerm modified mode [ 'package.json', 436, 438 ]
153 silly gunzTarPerm extractEntry package.json
154 silly gunzTarPerm modified mode [ 'package.json', 436, 438 ]
155 silly gunzTarPerm extractEntry .npmignore
156 silly gunzTarPerm modified mode [ '.npmignore', 436, 438 ]
157 silly gunzTarPerm extractEntry README.md
158 silly gunzTarPerm modified mode [ 'README.md', 436, 438 ]
159 silly gunzTarPerm extractEntry README.md
160 silly gunzTarPerm modified mode [ 'README.md', 436, 438 ]
161 silly gunzTarPerm extractEntry include_dirs.js
162 silly gunzTarPerm modified mode [ 'include_dirs.js', 436, 438 ]
163 silly gunzTarPerm extractEntry test.js
164 silly gunzTarPerm modified mode [ 'test.js', 436, 438 ]
165 silly gunzTarPerm extractEntry index.js
166 silly gunzTarPerm modified mode [ 'index.js', 436, 438 ]
167 silly gunzTarPerm extractEntry nan_converters_43_inl.h
168 silly gunzTarPerm modified mode [ 'nan_converters_43_inl.h', 436, 438 ]
169 silly gunzTarPerm extractEntry LICENSE.md
170 silly gunzTarPerm modified mode [ 'LICENSE.md', 436, 438 ]
171 silly gunzTarPerm extractEntry doc/new.md
172 silly gunzTarPerm modified mode [ 'doc/new.md', 436, 438 ]
173 silly gunzTarPerm extractEntry doc/asyncworker.md
174 silly gunzTarPerm modified mode [ 'doc/asyncworker.md', 436, 438 ]
175 silly gunzTarPerm extractEntry LICENSE.txt
176 silly gunzTarPerm modified mode [ 'LICENSE.txt', 436, 438 ]
177 silly gunzTarPerm extractEntry sleep.cc
178 silly gunzTarPerm modified mode [ 'sleep.cc', 436, 438 ]
179 silly gunzTarPerm extractEntry doc/callback.md
180 silly gunzTarPerm modified mode [ 'doc/callback.md', 436, 438 ]
181 silly gunzTarPerm extractEntry doc/converters.md
182 silly gunzTarPerm modified mode [ 'doc/converters.md', 436, 438 ]
183 silly gunzTarPerm extractEntry binding.gyp
184 silly gunzTarPerm modified mode [ 'binding.gyp', 436, 438 ]
185 silly gunzTarPerm extractEntry doc/errors.md
186 silly gunzTarPerm modified mode [ 'doc/errors.md', 436, 438 ]
187 silly gunzTarPerm extractEntry doc/json.md
188 silly gunzTarPerm modified mode [ 'doc/json.md', 436, 438 ]
189 silly gunzTarPerm extractEntry doc/maybe_types.md
190 silly gunzTarPerm modified mode [ 'doc/maybe_types.md', 436, 438 ]
191 silly gunzTarPerm extractEntry doc/methods.md
192 silly gunzTarPerm modified mode [ 'doc/methods.md', 436, 438 ]
193 silly gunzTarPerm extractEntry doc/buffers.md
194 silly gunzTarPerm modified mode [ 'doc/buffers.md', 436, 438 ]
195 silly gunzTarPerm extractEntry doc/node_misc.md
196 silly gunzTarPerm modified mode [ 'doc/node_misc.md', 436, 438 ]
197 silly gunzTarPerm extractEntry doc/object_wrappers.md
198 silly gunzTarPerm modified mode [ 'doc/object_wrappers.md', 436, 438 ]
199 silly gunzTarPerm extractEntry doc/persistent.md
200 silly gunzTarPerm modified mode [ 'doc/persistent.md', 436, 438 ]
201 silly gunzTarPerm extractEntry doc/scopes.md
202 silly gunzTarPerm modified mode [ 'doc/scopes.md', 436, 438 ]
203 silly gunzTarPerm extractEntry doc/script.md
204 silly gunzTarPerm modified mode [ 'doc/script.md', 436, 438 ]
205 silly gunzTarPerm extractEntry doc/string_bytes.md
206 silly gunzTarPerm modified mode [ 'doc/string_bytes.md', 436, 438 ]
207 silly gunzTarPerm extractEntry doc/v8_internals.md
208 silly gunzTarPerm modified mode [ 'doc/v8_internals.md', 436, 438 ]
209 silly gunzTarPerm extractEntry doc/v8_misc.md
210 silly gunzTarPerm modified mode [ 'doc/v8_misc.md', 436, 438 ]
211 silly gunzTarPerm extractEntry nan.h
212 silly gunzTarPerm modified mode [ 'nan.h', 436, 438 ]
213 silly gunzTarPerm extractEntry nan_callbacks.h
214 silly gunzTarPerm modified mode [ 'nan_callbacks.h', 436, 438 ]
215 silly gentlyRm C:\Felix\west-end-league\node_modules\.staging\sleep-32c41521\node_modules is being purged
216 verbose gentlyRm don't care about contents; nuking C:\Felix\west-end-league\node_modules\.staging\sleep-32c41521\node_modules
217 silly gunzTarPerm extractEntry nan_callbacks_12_inl.h
218 silly gunzTarPerm modified mode [ 'nan_callbacks_12_inl.h', 436, 438 ]
219 silly gunzTarPerm extractEntry nan_callbacks_pre_12_inl.h
220 silly gunzTarPerm modified mode [ 'nan_callbacks_pre_12_inl.h', 436, 438 ]
221 silly gunzTarPerm extractEntry nan_converters.h
222 silly gunzTarPerm modified mode [ 'nan_converters.h', 436, 438 ]
223 silly gunzTarPerm extractEntry nan_converters_pre_43_inl.h
224 silly gunzTarPerm modified mode [ 'nan_converters_pre_43_inl.h', 436, 438 ]
225 silly gunzTarPerm extractEntry nan_implementation_12_inl.h
226 silly gunzTarPerm modified mode [ 'nan_implementation_12_inl.h', 436, 438 ]
227 silly gunzTarPerm extractEntry nan_implementation_pre_12_inl.h
228 silly gunzTarPerm modified mode [ 'nan_implementation_pre_12_inl.h', 436, 438 ]
229 silly gunzTarPerm extractEntry nan_json.h
230 silly gunzTarPerm modified mode [ 'nan_json.h', 436, 438 ]
231 silly gunzTarPerm extractEntry nan_maybe_43_inl.h
232 silly gunzTarPerm modified mode [ 'nan_maybe_43_inl.h', 436, 438 ]
233 silly gunzTarPerm extractEntry nan_maybe_pre_43_inl.h
234 silly gunzTarPerm modified mode [ 'nan_maybe_pre_43_inl.h', 436, 438 ]
235 silly gunzTarPerm extractEntry nan_new.h
236 silly gunzTarPerm modified mode [ 'nan_new.h', 436, 438 ]
237 silly gunzTarPerm extractEntry nan_object_wrap.h
238 silly gunzTarPerm modified mode [ 'nan_object_wrap.h', 436, 438 ]
239 silly gunzTarPerm extractEntry nan_persistent_12_inl.h
240 silly gunzTarPerm modified mode [ 'nan_persistent_12_inl.h', 436, 438 ]
241 silly gunzTarPerm extractEntry nan_persistent_pre_12_inl.h
242 silly gunzTarPerm modified mode [ 'nan_persistent_pre_12_inl.h', 436, 438 ]
243 silly gunzTarPerm extractEntry nan_private.h
244 silly gunzTarPerm modified mode [ 'nan_private.h', 436, 438 ]
245 silly gunzTarPerm extractEntry nan_string_bytes.h
246 silly gunzTarPerm modified mode [ 'nan_string_bytes.h', 436, 438 ]
247 silly gunzTarPerm extractEntry nan_typedarray_contents.h
248 silly gunzTarPerm modified mode [ 'nan_typedarray_contents.h', 436, 438 ]
249 silly gunzTarPerm extractEntry nan_weak.h
250 silly gunzTarPerm modified mode [ 'nan_weak.h', 436, 438 ]
251 silly gunzTarPerm extractEntry CHANGELOG.md
252 silly gunzTarPerm modified mode [ 'CHANGELOG.md', 436, 438 ]
253 silly gunzTarPerm extractEntry tools/package.json
254 silly gunzTarPerm modified mode [ 'tools/package.json', 436, 438 ]
255 silly gunzTarPerm extractEntry tools/README.md
256 silly gunzTarPerm modified mode [ 'tools/README.md', 436, 438 ]
257 silly gunzTarPerm extractEntry tools/1to2.js
258 silly gunzTarPerm modified mode [ 'tools/1to2.js', 509, 511 ]
259 silly gentlyRm C:\Felix\west-end-league\node_modules\.staging\nan-eb2c6778\node_modules is being purged
260 verbose gentlyRm don't care about contents; nuking C:\Felix\west-end-league\node_modules\.staging\nan-eb2c6778\node_modules
261 silly doParallel preinstall 2
262 silly preinstall nan@2.6.2 C:\Felix\west-end-league\node_modules\.staging\nan-eb2c6778
263 info lifecycle nan@2.6.2~preinstall: nan@2.6.2
264 silly preinstall sleep@5.1.1 C:\Felix\west-end-league\node_modules\.staging\sleep-32c41521
265 info lifecycle sleep@5.1.1~preinstall: sleep@5.1.1
266 silly lifecycle nan@2.6.2~preinstall: no script for preinstall, continuing
267 silly lifecycle sleep@5.1.1~preinstall: no script for preinstall, continuing
268 silly doReverseSerial remove 0
269 silly doSerial move 0
270 silly doSerial finalize 2
271 silly finalize C:\Felix\west-end-league\node_modules\nan
272 silly finalize C:\Felix\west-end-league\node_modules\sleep
273 silly doSerial build 2
274 silly build nan@2.6.2
275 info linkStuff nan@2.6.2
276 silly linkStuff nan@2.6.2 has C:\Felix\west-end-league\node_modules as its parent node_modules
277 verbose linkBins nan@2.6.2
278 verbose linkMans nan@2.6.2
279 silly build sleep@5.1.1
280 info linkStuff sleep@5.1.1
281 silly linkStuff sleep@5.1.1 has C:\Felix\west-end-league\node_modules as its parent node_modules
282 verbose linkBins sleep@5.1.1
283 verbose linkMans sleep@5.1.1
284 silly doSerial global-link 0
285 silly doParallel update-linked 0
286 silly doSerial install 2
287 silly install nan@2.6.2 C:\Felix\west-end-league\node_modules\.staging\nan-eb2c6778
288 info lifecycle nan@2.6.2~install: nan@2.6.2
289 silly lifecycle nan@2.6.2~install: no script for install, continuing
290 silly install sleep@5.1.1 C:\Felix\west-end-league\node_modules\.staging\sleep-32c41521
291 info lifecycle sleep@5.1.1~install: sleep@5.1.1
292 verbose lifecycle sleep@5.1.1~install: unsafe-perm in lifecycle true
293 verbose lifecycle sleep@5.1.1~install: PATH: C:\Program Files\nodejs\node_modules\npm\bin\node-gyp-bin;C:\Felix\west-end-league\node_modules\sleep\node_modules\.bin;C:\Felix\west-end-league\node_modules\.bin;C:\Users\felixn\bin;C:\Users\felixn\AppData\Local\Programs\Git\mingw64\bin;C:\Users\felixn\AppData\Local\Programs\Git\usr\local\bin;C:\Users\felixn\AppData\Local\Programs\Git\usr\bin;C:\Users\felixn\AppData\Local\Programs\Git\usr\bin;C:\Users\felixn\AppData\Local\Programs\Git\mingw64\bin;C:\Users\felixn\AppData\Local\Programs\Git\usr\bin;C:\Users\felixn\bin;C:\tools\ruby22\bin;C:\ProgramData\Oracle\Java\javapath;C:\Windows\system32;C:\Windows;C:\Windows\System32\Wbem;C:\Windows\System32\WindowsPowerShell\v1.0;C:\Program Files\Microsoft SQL Server\130\Tools\Binn;C:\Windows\CCM;C:\Program Files\nodejs;C:\ProgramData\chocolatey\bin;C:\Program Files\dotnet;C:\Program Files\Microsoft SQL Server\Client SDK\ODBC\110\Tools\Binn;C:\Program Files (x86)\Microsoft SQL Server\120\Tools\Binn\ManagementStudio;C:\Program Files (x86)\Microsoft SQL Server\120\Tools\Binn;C:\Program Files\Microsoft SQL Server\120\Tools\Binn;C:\Program Files (x86)\Microsoft SQL Server\120\DTS\Binn;C:\Program Files\Microsoft SQL Server\120\DTS\Binn;C:\Program Files (x86)\GitExtensions;C:\Program Files\Intel\WiFi\bin;C:\Program Files\Common Files\Intel\WirelessCommon;C:\Ruby21\bin;C:\Users\felixn\AppData\Local\Microsoft\WindowsApps;C:\Users\felixn\AppData\Local\Programs\Git\cmd;C:\Users\felixn\AppData\Roaming\npm;C:\tools\cmder;C:\Program Files\Intel\WiFi\bin;C:\Program Files\Common Files\Intel\WirelessCommon;C:\Users\felixn\AppData\Local\Programs\Git\usr\bin\vendor_perl;C:\Users\felixn\AppData\Local\Programs\Git\usr\bin\core_perl
294 verbose lifecycle sleep@5.1.1~install: CWD: C:\Felix\west-end-league\node_modules\sleep
295 silly lifecycle sleep@5.1.1~install: Args: [ '/d /s /c', 'node-gyp rebuild' ]
296 silly lifecycle sleep@5.1.1~install: Returned: code: 1  signal: null
297 info lifecycle sleep@5.1.1~install: Failed to exec install script
298 verbose unlock done using C:\Users\felixn\AppData\Roaming\npm-cache\_locks\staging-67bd77bf67e46da8.lock for C:\Felix\west-end-league\node_modules\.staging
299 silly rollbackFailedOptional Starting
300 silly rollbackFailedOptional Finishing
301 silly runTopLevelLifecycles Finishing
302 silly install printInstalled
303 verbose stack Error: sleep@5.1.1 install: `node-gyp rebuild`
303 verbose stack Exit status 1
303 verbose stack     at EventEmitter.<anonymous> (C:\Program Files\nodejs\node_modules\npm\lib\utils\lifecycle.js:255:16)
303 verbose stack     at emitTwo (events.js:87:13)
303 verbose stack     at EventEmitter.emit (events.js:172:7)
303 verbose stack     at ChildProcess.<anonymous> (C:\Program Files\nodejs\node_modules\npm\lib\utils\spawn.js:40:14)
303 verbose stack     at emitTwo (events.js:87:13)
303 verbose stack     at ChildProcess.emit (events.js:172:7)
303 verbose stack     at maybeClose (internal/child_process.js:829:16)
303 verbose stack     at Process.ChildProcess._handle.onexit (internal/child_process.js:211:5)
304 verbose pkgid sleep@5.1.1
305 verbose cwd C:\Felix\west-end-league
306 error Windows_NT 10.0.14393
307 error argv "C:\\Program Files\\nodejs\\node.exe" "C:\\Program Files\\nodejs\\node_modules\\npm\\bin\\npm-cli.js" "install"
308 error node v4.5.0
309 error npm  v3.10.9
310 error code ELIFECYCLE
311 error sleep@5.1.1 install: `node-gyp rebuild`
311 error Exit status 1
312 error Failed at the sleep@5.1.1 install script 'node-gyp rebuild'.
312 error Make sure you have the latest version of node.js and npm installed.
312 error If you do, this is most likely a problem with the sleep package,
312 error not with npm itself.
312 error Tell the author that this fails on your system:
312 error     node-gyp rebuild
312 error You can get information on how to open an issue for this project with:
312 error     npm bugs sleep
312 error Or if that isn't available, you can get their info via:
312 error     npm owner ls sleep
312 error There is likely additional logging output above.
313 verbose exit [ 1, true ]
